<?xml version="1.0" encoding="UTF-8"?>
<!-- Generated by org.testng.reporters.JUnitXMLReporter -->
<testsuite hostname="Kompas" name="Command line test" tests="5" failures="3" timestamp="12 Jun 2015 06:05:48 GMT" time="163.855" errors="0">
  <testcase name="testLogin" time="5.987" classname="test.java.NewTest"/>
  <testcase name="testDeleteDevice" time="5.475" classname="test.java.NewTest">
    <failure type="java.lang.AssertionError" message="null">
      <![CDATA[java.lang.AssertionError: null
	at test.java.NewTest.testDeleteDevice(NewTest.java:210)
... Removed 35 stack frames]]>
    </failure>
  </testcase> <!-- testDeleteDevice -->
  <testcase name="testAddDevice" time="20.976" classname="test.java.NewTest">
    <failure type="java.lang.AssertionError" message="null">
      <![CDATA[java.lang.AssertionError: null
	at test.java.NewTest.testDeleteDevice(NewTest.java:210)
	at test.java.NewTest.testAddDevice(NewTest.java:143)
... Removed 35 stack frames]]>
    </failure>
  </testcase> <!-- testAddDevice -->
  <testcase name="testLogout" time="5.336" classname="test.java.NewTest"/>
  <testcase name="testControl" time="54.679" classname="test.java.NewTest">
    <failure type="java.lang.AssertionError" message="null">
      <![CDATA[java.lang.AssertionError: null
	at tests.Control.execute(Control.java:77)
	at test.java.NewTest.testControl(NewTest.java:263)
... Removed 35 stack frames]]>
    </failure>
  </testcase> <!-- testControl -->
</testsuite> <!-- Command line test -->
