<?xml version="1.0" encoding="UTF-8"?>
<!-- Generated by org.testng.reporters.JUnitXMLReporter -->
<testsuite hostname="Kompas" name="Command line test" tests="5" failures="0" timestamp="17 May 2015 17:09:19 GMT" time="257.688" errors="0">
  <testcase name="testLogin" time="9.985" classname="test.java.NewTest"/>
  <testcase name="testDeleteDevice" time="10.777" classname="test.java.NewTest"/>
  <testcase name="testAddDevice" time="96.671" classname="test.java.NewTest"/>
  <testcase name="testLogout" time="10.349" classname="test.java.NewTest"/>
  <testcase name="testControl" time="31.487" classname="test.java.NewTest"/>
</testsuite> <!-- Command line test -->
