<?xml version="1.0" encoding="UTF-8"?>
<!-- Generated by org.testng.reporters.JUnitXMLReporter -->
<testsuite hostname="Kompas" name="Command line test" tests="5" failures="1" timestamp="12 Jun 2015 08:18:44 GMT" time="372.599" errors="0">
  <testcase name="testLogin" time="6.68" classname="test.java.NewTest"/>
  <testcase name="testDeleteDevice" time="7.457" classname="test.java.NewTest"/>
  <testcase name="testAddDevice" time="135.56" classname="test.java.NewTest"/>
  <testcase name="testLogout" time="8.852" classname="test.java.NewTest"/>
  <testcase name="testControl" time="143.358" classname="test.java.NewTest">
    <failure type="java.lang.AssertionError" message="null">
      <![CDATA[java.lang.AssertionError: null
	at tests.Control.armDisarm(Control.java:129)
	at tests.Control.execute(Control.java:52)
	at test.java.NewTest.testControl(NewTest.java:263)
... Removed 35 stack frames]]>
    </failure>
  </testcase> <!-- testControl -->
</testsuite> <!-- Command line test -->
