<?xml version="1.0" encoding="UTF-8"?>
<!-- Generated by org.testng.reporters.JUnitXMLReporter -->
<testsuite hostname="Kompas" name="ProdTest" tests="5" failures="0" timestamp="18 Jun 2015 11:28:48 GMT" time="249.814" errors="0">
  <testcase name="testLogin" time="5.687" classname="test.java.CloudTest.NewTest"/>
  <testcase name="testDeleteDevice" time="5.248" classname="test.java.CloudTest.NewTest"/>
  <testcase name="testAddDevice" time="109.305" classname="test.java.CloudTest.NewTest"/>
  <testcase name="testControl" time="56.418" classname="test.java.CloudTest.NewTest"/>
  <testcase name="testLogout" time="5.236" classname="test.java.CloudTest.NewTest"/>
</testsuite> <!-- ProdTest -->
