<?xml version="1.0" encoding="UTF-8"?>
<!-- Generated by org.testng.reporters.JUnitXMLReporter -->
<testsuite hostname="Kompas" name="Command line test" tests="5" failures="1" timestamp="12 Jun 2015 11:09:40 GMT" time="256.089" errors="0">
  <testcase name="testLogin" time="3.913" classname="test.java.CloudTest.NewTest"/>
  <testcase name="testDeleteDevice" time="3.794" classname="test.java.CloudTest.NewTest">
    <failure type="java.lang.AssertionError" message="null">
      <![CDATA[java.lang.AssertionError: null
	at test.java.CloudTest.NewTest.testDeleteDevice(NewTest.java:210)
... Removed 35 stack frames]]>
    </failure>
  </testcase> <!-- testDeleteDevice -->
  <testcase name="testAddDevice" time="70.056" classname="test.java.CloudTest.NewTest"/>
  <testcase name="testLogout" time="5.911" classname="test.java.CloudTest.NewTest"/>
  <testcase name="testControl" time="101.392" classname="test.java.CloudTest.NewTest"/>
</testsuite> <!-- Command line test -->
