<?xml version="1.0" encoding="UTF-8"?>
<testng-results skipped="0" failed="1" total="5" passed="4">
  <reporter-output>
  </reporter-output>
  <suite name="test.java.CloudTest.NewTest" duration-ms="256089" started-at="2015-06-12T11:05:24Z" finished-at="2015-06-12T11:09:40Z">
    <groups>
    </groups>
    <test name="Command line test" duration-ms="256089" started-at="2015-06-12T11:05:24Z" finished-at="2015-06-12T11:09:40Z">
      <class name="test.java.CloudTest.NewTest">
        <test-method status="PASS" signature="BeforeTest()[pri:0, instance:test.java.CloudTest.NewTest@69d9c55]" name="BeforeTest" is-config="true" duration-ms="345" started-at="2015-06-12T14:05:24Z" finished-at="2015-06-12T14:05:24Z">
          <reporter-output>
          </reporter-output>
        </test-method> <!-- BeforeTest -->
        <test-method status="PASS" signature="setUp(java.lang.reflect.Method)[pri:0, instance:test.java.CloudTest.NewTest@69d9c55]" name="setUp" is-config="true" duration-ms="18542" started-at="2015-06-12T14:05:24Z" finished-at="2015-06-12T14:05:43Z">
          <params>
            <param index="0">
              <value>
                <![CDATA[public void test.java.CloudTest.NewTest.testLogin() throws java.lang.Exception]]>
              </value>
            </param>
          </params>
          <reporter-output>
          </reporter-output>
        </test-method> <!-- setUp -->
        <test-method status="PASS" signature="testLogin()[pri:0, instance:test.java.CloudTest.NewTest@69d9c55]" name="testLogin" duration-ms="3913" started-at="2015-06-12T14:05:43Z" finished-at="2015-06-12T14:05:47Z">
          <reporter-output>
          </reporter-output>
        </test-method> <!-- testLogin -->
        <test-method status="PASS" signature="takeScreenShotOnFailure(org.testng.ITestResult, java.lang.reflect.Method)[pri:0, instance:test.java.CloudTest.NewTest@69d9c55]" name="takeScreenShotOnFailure" is-config="true" duration-ms="1" started-at="2015-06-12T14:05:47Z" finished-at="2015-06-12T14:05:47Z">
          <params>
            <param index="0">
              <value>
                <![CDATA[[TestResult name=testLogin status=SUCCESS method=NewTest.testLogin()[pri:0, instance:test.java.CloudTest.NewTest@69d9c55] output={null}]]]>
              </value>
            </param>
            <param index="1">
              <value>
                <![CDATA[public void test.java.CloudTest.NewTest.testLogin() throws java.lang.Exception]]>
              </value>
            </param>
          </params>
          <reporter-output>
          </reporter-output>
        </test-method> <!-- takeScreenShotOnFailure -->
        <test-method status="PASS" signature="tearDown()[pri:0, instance:test.java.CloudTest.NewTest@69d9c55]" name="tearDown" is-config="true" duration-ms="223" started-at="2015-06-12T14:05:47Z" finished-at="2015-06-12T14:05:47Z">
          <reporter-output>
          </reporter-output>
        </test-method> <!-- tearDown -->
        <test-method status="PASS" signature="setUp(java.lang.reflect.Method)[pri:0, instance:test.java.CloudTest.NewTest@69d9c55]" name="setUp" is-config="true" duration-ms="13419" started-at="2015-06-12T14:05:47Z" finished-at="2015-06-12T14:06:00Z">
          <params>
            <param index="0">
              <value>
                <![CDATA[public void test.java.CloudTest.NewTest.testDeleteDevice() throws java.lang.Exception]]>
              </value>
            </param>
          </params>
          <reporter-output>
          </reporter-output>
        </test-method> <!-- setUp -->
        <test-method status="FAIL" signature="testDeleteDevice()[pri:0, instance:test.java.CloudTest.NewTest@69d9c55]" name="testDeleteDevice" duration-ms="3794" started-at="2015-06-12T14:06:00Z" finished-at="2015-06-12T14:06:04Z">
          <exception class="java.lang.AssertionError">
            <message>
              <![CDATA[null]]>
            </message>
            <full-stacktrace>
              <![CDATA[java.lang.AssertionError: null
	at org.testng.Assert.fail(Assert.java:94)
	at org.testng.Assert.fail(Assert.java:101)
	at test.java.CloudTest.NewTest.testDeleteDevice(NewTest.java:210)
	at sun.reflect.NativeMethodAccessorImpl.invoke0(Native Method)
	at sun.reflect.NativeMethodAccessorImpl.invoke(NativeMethodAccessorImpl.java:62)
	at sun.reflect.DelegatingMethodAccessorImpl.invoke(DelegatingMethodAccessorImpl.java:43)
	at java.lang.reflect.Method.invoke(Method.java:483)
	at org.testng.internal.MethodInvocationHelper.invokeMethod(MethodInvocationHelper.java:85)
	at org.testng.internal.Invoker.invokeMethod(Invoker.java:696)
	at org.testng.internal.Invoker.invokeTestMethod(Invoker.java:882)
	at org.testng.internal.Invoker.invokeTestMethods(Invoker.java:1189)
	at org.testng.internal.TestMethodWorker.invokeTestMethods(TestMethodWorker.java:124)
	at org.testng.internal.TestMethodWorker.run(TestMethodWorker.java:108)
	at org.testng.TestRunner.privateRun(TestRunner.java:767)
	at org.testng.TestRunner.run(TestRunner.java:617)
	at org.testng.SuiteRunner.runTest(SuiteRunner.java:348)
	at org.testng.SuiteRunner.runSequentially(SuiteRunner.java:343)
	at org.testng.SuiteRunner.privateRun(SuiteRunner.java:305)
	at org.testng.SuiteRunner.run(SuiteRunner.java:254)
	at org.testng.SuiteRunnerWorker.runSuite(SuiteRunnerWorker.java:52)
	at org.testng.SuiteRunnerWorker.run(SuiteRunnerWorker.java:86)
	at org.testng.TestNG.runSuitesSequentially(TestNG.java:1224)
	at org.testng.TestNG.runSuitesLocally(TestNG.java:1149)
	at org.testng.TestNG.run(TestNG.java:1057)
	at org.apache.maven.surefire.testng.TestNGExecutor.run(TestNGExecutor.java:77)
	at org.apache.maven.surefire.testng.TestNGDirectoryTestSuite.execute(TestNGDirectoryTestSuite.java:110)
	at org.apache.maven.surefire.testng.TestNGProvider.invoke(TestNGProvider.java:106)
	at sun.reflect.NativeMethodAccessorImpl.invoke0(Native Method)
	at sun.reflect.NativeMethodAccessorImpl.invoke(NativeMethodAccessorImpl.java:62)
	at sun.reflect.DelegatingMethodAccessorImpl.invoke(DelegatingMethodAccessorImpl.java:43)
	at java.lang.reflect.Method.invoke(Method.java:483)
	at org.apache.maven.surefire.util.ReflectionUtils.invokeMethodWithArray(ReflectionUtils.java:189)
	at org.apache.maven.surefire.booter.ProviderFactory$ProviderProxy.invoke(ProviderFactory.java:165)
	at org.apache.maven.surefire.booter.ProviderFactory.invokeProvider(ProviderFactory.java:85)
	at org.apache.maven.surefire.booter.ForkedBooter.runSuitesInProcess(ForkedBooter.java:115)
	at org.apache.maven.surefire.booter.ForkedBooter.main(ForkedBooter.java:75)
]]>
            </full-stacktrace>
          </exception> <!-- java.lang.AssertionError -->
          <reporter-output>
          </reporter-output>
        </test-method> <!-- testDeleteDevice -->
        <test-method status="PASS" signature="takeScreenShotOnFailure(org.testng.ITestResult, java.lang.reflect.Method)[pri:0, instance:test.java.CloudTest.NewTest@69d9c55]" name="takeScreenShotOnFailure" is-config="true" duration-ms="523" started-at="2015-06-12T14:06:04Z" finished-at="2015-06-12T14:06:05Z">
          <params>
            <param index="0">
              <value>
                <![CDATA[[TestResult name=testDeleteDevice status=FAILURE method=NewTest.testDeleteDevice()[pri:0, instance:test.java.CloudTest.NewTest@69d9c55] output={null}]]]>
              </value>
            </param>
            <param index="1">
              <value>
                <![CDATA[public void test.java.CloudTest.NewTest.testDeleteDevice() throws java.lang.Exception]]>
              </value>
            </param>
          </params>
          <reporter-output>
          </reporter-output>
        </test-method> <!-- takeScreenShotOnFailure -->
        <test-method status="PASS" signature="tearDown()[pri:0, instance:test.java.CloudTest.NewTest@69d9c55]" name="tearDown" is-config="true" duration-ms="254" started-at="2015-06-12T14:06:05Z" finished-at="2015-06-12T14:06:05Z">
          <reporter-output>
          </reporter-output>
        </test-method> <!-- tearDown -->
        <test-method status="PASS" signature="setUp(java.lang.reflect.Method)[pri:0, instance:test.java.CloudTest.NewTest@69d9c55]" name="setUp" is-config="true" duration-ms="12090" started-at="2015-06-12T14:06:05Z" finished-at="2015-06-12T14:06:17Z">
          <params>
            <param index="0">
              <value>
                <![CDATA[public void test.java.CloudTest.NewTest.testAddDevice() throws java.lang.Exception]]>
              </value>
            </param>
          </params>
          <reporter-output>
          </reporter-output>
        </test-method> <!-- setUp -->
        <test-method status="PASS" signature="testAddDevice()[pri:0, instance:test.java.CloudTest.NewTest@69d9c55]" name="testAddDevice" duration-ms="70056" started-at="2015-06-12T14:06:17Z" finished-at="2015-06-12T14:07:27Z">
          <reporter-output>
          </reporter-output>
        </test-method> <!-- testAddDevice -->
        <test-method status="PASS" signature="tearDown()[pri:0, instance:test.java.CloudTest.NewTest@69d9c55]" name="tearDown" is-config="true" duration-ms="262" started-at="2015-06-12T14:07:27Z" finished-at="2015-06-12T14:07:27Z">
          <reporter-output>
          </reporter-output>
        </test-method> <!-- tearDown -->
        <test-method status="PASS" signature="takeScreenShotOnFailure(org.testng.ITestResult, java.lang.reflect.Method)[pri:0, instance:test.java.CloudTest.NewTest@69d9c55]" name="takeScreenShotOnFailure" is-config="true" duration-ms="0" started-at="2015-06-12T14:07:27Z" finished-at="2015-06-12T14:07:27Z">
          <params>
            <param index="0">
              <value>
                <![CDATA[[TestResult name=testAddDevice status=SUCCESS method=NewTest.testAddDevice()[pri:0, instance:test.java.CloudTest.NewTest@69d9c55] output={null}]]]>
              </value>
            </param>
            <param index="1">
              <value>
                <![CDATA[public void test.java.CloudTest.NewTest.testAddDevice() throws java.lang.Exception]]>
              </value>
            </param>
          </params>
          <reporter-output>
          </reporter-output>
        </test-method> <!-- takeScreenShotOnFailure -->
        <test-method status="PASS" signature="setUp(java.lang.reflect.Method)[pri:0, instance:test.java.CloudTest.NewTest@69d9c55]" name="setUp" is-config="true" duration-ms="12700" started-at="2015-06-12T14:07:27Z" finished-at="2015-06-12T14:07:40Z">
          <params>
            <param index="0">
              <value>
                <![CDATA[public void test.java.CloudTest.NewTest.testLogout() throws java.lang.Exception]]>
              </value>
            </param>
          </params>
          <reporter-output>
          </reporter-output>
        </test-method> <!-- setUp -->
        <test-method status="PASS" signature="testLogout()[pri:0, instance:test.java.CloudTest.NewTest@69d9c55]" name="testLogout" duration-ms="5911" started-at="2015-06-12T14:07:40Z" finished-at="2015-06-12T14:07:46Z">
          <reporter-output>
          </reporter-output>
        </test-method> <!-- testLogout -->
        <test-method status="PASS" signature="takeScreenShotOnFailure(org.testng.ITestResult, java.lang.reflect.Method)[pri:0, instance:test.java.CloudTest.NewTest@69d9c55]" name="takeScreenShotOnFailure" is-config="true" duration-ms="0" started-at="2015-06-12T14:07:46Z" finished-at="2015-06-12T14:07:46Z">
          <params>
            <param index="0">
              <value>
                <![CDATA[[TestResult name=testLogout status=SUCCESS method=NewTest.testLogout()[pri:0, instance:test.java.CloudTest.NewTest@69d9c55] output={null}]]]>
              </value>
            </param>
            <param index="1">
              <value>
                <![CDATA[public void test.java.CloudTest.NewTest.testLogout() throws java.lang.Exception]]>
              </value>
            </param>
          </params>
          <reporter-output>
          </reporter-output>
        </test-method> <!-- takeScreenShotOnFailure -->
        <test-method status="PASS" signature="tearDown()[pri:0, instance:test.java.CloudTest.NewTest@69d9c55]" name="tearDown" is-config="true" duration-ms="314" started-at="2015-06-12T14:07:46Z" finished-at="2015-06-12T14:07:46Z">
          <reporter-output>
          </reporter-output>
        </test-method> <!-- tearDown -->
        <test-method status="PASS" signature="setUp(java.lang.reflect.Method)[pri:0, instance:test.java.CloudTest.NewTest@69d9c55]" name="setUp" is-config="true" duration-ms="12078" started-at="2015-06-12T14:07:46Z" finished-at="2015-06-12T14:07:58Z">
          <params>
            <param index="0">
              <value>
                <![CDATA[public void test.java.CloudTest.NewTest.testControl() throws java.lang.Exception]]>
              </value>
            </param>
          </params>
          <reporter-output>
          </reporter-output>
        </test-method> <!-- setUp -->
        <test-method status="PASS" signature="testControl()[pri:0, instance:test.java.CloudTest.NewTest@69d9c55]" name="testControl" duration-ms="101392" started-at="2015-06-12T14:07:58Z" finished-at="2015-06-12T14:09:40Z">
          <reporter-output>
          </reporter-output>
        </test-method> <!-- testControl -->
        <test-method status="PASS" signature="takeScreenShotOnFailure(org.testng.ITestResult, java.lang.reflect.Method)[pri:0, instance:test.java.CloudTest.NewTest@69d9c55]" name="takeScreenShotOnFailure" is-config="true" duration-ms="1" started-at="2015-06-12T14:09:40Z" finished-at="2015-06-12T14:09:40Z">
          <params>
            <param index="0">
              <value>
                <![CDATA[[TestResult name=testControl status=SUCCESS method=NewTest.testControl()[pri:0, instance:test.java.CloudTest.NewTest@69d9c55] output={null}]]]>
              </value>
            </param>
            <param index="1">
              <value>
                <![CDATA[public void test.java.CloudTest.NewTest.testControl() throws java.lang.Exception]]>
              </value>
            </param>
          </params>
          <reporter-output>
          </reporter-output>
        </test-method> <!-- takeScreenShotOnFailure -->
        <test-method status="PASS" signature="tearDown()[pri:0, instance:test.java.CloudTest.NewTest@69d9c55]" name="tearDown" is-config="true" duration-ms="253" started-at="2015-06-12T14:09:40Z" finished-at="2015-06-12T14:09:40Z">
          <reporter-output>
          </reporter-output>
        </test-method> <!-- tearDown -->
      </class> <!-- test.java.CloudTest.NewTest -->
    </test> <!-- Command line test -->
  </suite> <!-- test.java.CloudTest.NewTest -->
</testng-results>
