<?xml version="1.0" encoding="UTF-8"?>
<testng-results skipped="0" failed="1" total="4" passed="3">
  <reporter-output>
  </reporter-output>
  <suite name="Default suite" duration-ms="240452" started-at="2015-04-16T17:53:25Z" finished-at="2015-04-16T17:57:26Z">
    <groups>
    </groups>
    <test name="Default test" duration-ms="240452" started-at="2015-04-16T17:53:25Z" finished-at="2015-04-16T17:57:26Z">
      <class name="FirstPackage.NewTest">
        <test-method status="PASS" signature="BeforeTest()[pri:0, instance:FirstPackage.NewTest@3834d63f]" name="BeforeTest" is-config="true" duration-ms="322" started-at="2015-04-16T20:53:25Z" finished-at="2015-04-16T20:53:26Z">
          <reporter-output>
          </reporter-output>
        </test-method> <!-- BeforeTest -->
        <test-method status="PASS" signature="setUp(java.lang.reflect.Method)[pri:0, instance:FirstPackage.NewTest@3834d63f]" name="setUp" is-config="true" duration-ms="11662" started-at="2015-04-16T20:53:26Z" finished-at="2015-04-16T20:53:37Z">
          <params>
            <param index="0">
              <value>
                <![CDATA[public void FirstPackage.NewTest.testLogin() throws java.lang.Exception]]>
              </value>
            </param>
          </params>
          <reporter-output>
          </reporter-output>
        </test-method> <!-- setUp -->
        <test-method status="PASS" signature="testLogin()[pri:0, instance:FirstPackage.NewTest@3834d63f]" name="testLogin" duration-ms="33168" started-at="2015-04-16T20:53:37Z" finished-at="2015-04-16T20:54:10Z">
          <reporter-output>
          </reporter-output>
        </test-method> <!-- testLogin -->
        <test-method status="PASS" signature="tearDown()[pri:0, instance:FirstPackage.NewTest@3834d63f]" name="tearDown" is-config="true" duration-ms="288" started-at="2015-04-16T20:54:10Z" finished-at="2015-04-16T20:54:11Z">
          <reporter-output>
          </reporter-output>
        </test-method> <!-- tearDown -->
        <test-method status="PASS" signature="takeScreenShotOnFailure(org.testng.ITestResult, java.lang.reflect.Method)[pri:0, instance:FirstPackage.NewTest@3834d63f]" name="takeScreenShotOnFailure" is-config="true" duration-ms="0" started-at="2015-04-16T20:54:10Z" finished-at="2015-04-16T20:54:10Z">
          <params>
            <param index="0">
              <value>
                <![CDATA[[TestResult name=testLogin status=SUCCESS method=NewTest.testLogin()[pri:0, instance:FirstPackage.NewTest@3834d63f] output={null}]]]>
              </value>
            </param>
            <param index="1">
              <value>
                <![CDATA[public void FirstPackage.NewTest.testLogin() throws java.lang.Exception]]>
              </value>
            </param>
          </params>
          <reporter-output>
          </reporter-output>
        </test-method> <!-- takeScreenShotOnFailure -->
        <test-method status="PASS" signature="setUp(java.lang.reflect.Method)[pri:0, instance:FirstPackage.NewTest@3834d63f]" name="setUp" is-config="true" duration-ms="7554" started-at="2015-04-16T20:54:11Z" finished-at="2015-04-16T20:54:18Z">
          <params>
            <param index="0">
              <value>
                <![CDATA[public void FirstPackage.NewTest.testAddDevice() throws java.lang.Exception]]>
              </value>
            </param>
          </params>
          <reporter-output>
          </reporter-output>
        </test-method> <!-- setUp -->
        <test-method status="PASS" signature="testAddDevice()[pri:0, instance:FirstPackage.NewTest@3834d63f]" name="testAddDevice" duration-ms="48924" started-at="2015-04-16T20:54:18Z" finished-at="2015-04-16T20:55:07Z">
          <reporter-output>
          </reporter-output>
        </test-method> <!-- testAddDevice -->
        <test-method status="PASS" signature="takeScreenShotOnFailure(org.testng.ITestResult, java.lang.reflect.Method)[pri:0, instance:FirstPackage.NewTest@3834d63f]" name="takeScreenShotOnFailure" is-config="true" duration-ms="9" started-at="2015-04-16T20:55:07Z" finished-at="2015-04-16T20:55:07Z">
          <params>
            <param index="0">
              <value>
                <![CDATA[[TestResult name=testAddDevice status=SUCCESS method=NewTest.testAddDevice()[pri:0, instance:FirstPackage.NewTest@3834d63f] output={null}]]]>
              </value>
            </param>
            <param index="1">
              <value>
                <![CDATA[public void FirstPackage.NewTest.testAddDevice() throws java.lang.Exception]]>
              </value>
            </param>
          </params>
          <reporter-output>
          </reporter-output>
        </test-method> <!-- takeScreenShotOnFailure -->
        <test-method status="PASS" signature="tearDown()[pri:0, instance:FirstPackage.NewTest@3834d63f]" name="tearDown" is-config="true" duration-ms="358" started-at="2015-04-16T20:55:07Z" finished-at="2015-04-16T20:55:08Z">
          <reporter-output>
          </reporter-output>
        </test-method> <!-- tearDown -->
        <test-method status="PASS" signature="setUp(java.lang.reflect.Method)[pri:0, instance:FirstPackage.NewTest@3834d63f]" name="setUp" is-config="true" duration-ms="6807" started-at="2015-04-16T20:55:08Z" finished-at="2015-04-16T20:55:14Z">
          <params>
            <param index="0">
              <value>
                <![CDATA[public void FirstPackage.NewTest.testDeleteDevice() throws java.lang.Exception]]>
              </value>
            </param>
          </params>
          <reporter-output>
          </reporter-output>
        </test-method> <!-- setUp -->
        <test-method status="FAIL" signature="testDeleteDevice()[pri:0, instance:FirstPackage.NewTest@3834d63f]" name="testDeleteDevice" duration-ms="63468" started-at="2015-04-16T20:55:14Z" finished-at="2015-04-16T20:56:18Z">
          <exception class="java.lang.AssertionError">
            <message>
              <![CDATA[null]]>
            </message>
            <full-stacktrace>
              <![CDATA[java.lang.AssertionError: null
	at org.testng.Assert.fail(Assert.java:94)
	at org.testng.Assert.fail(Assert.java:101)
	at FirstPackage.NewTest.testDeleteDevice(NewTest.java:252)
	at sun.reflect.NativeMethodAccessorImpl.invoke0(Native Method)
	at sun.reflect.NativeMethodAccessorImpl.invoke(Unknown Source)
	at sun.reflect.DelegatingMethodAccessorImpl.invoke(Unknown Source)
	at java.lang.reflect.Method.invoke(Unknown Source)
	at org.testng.internal.MethodInvocationHelper.invokeMethod(MethodInvocationHelper.java:84)
	at org.testng.internal.Invoker.invokeMethod(Invoker.java:714)
	at org.testng.internal.Invoker.invokeTestMethod(Invoker.java:901)
	at org.testng.internal.Invoker.invokeTestMethods(Invoker.java:1231)
	at org.testng.internal.TestMethodWorker.invokeTestMethods(TestMethodWorker.java:127)
	at org.testng.internal.TestMethodWorker.run(TestMethodWorker.java:111)
	at org.testng.TestRunner.privateRun(TestRunner.java:767)
	at org.testng.TestRunner.run(TestRunner.java:617)
	at org.testng.SuiteRunner.runTest(SuiteRunner.java:334)
	at org.testng.SuiteRunner.runSequentially(SuiteRunner.java:329)
	at org.testng.SuiteRunner.privateRun(SuiteRunner.java:291)
	at org.testng.SuiteRunner.run(SuiteRunner.java:240)
	at org.testng.SuiteRunnerWorker.runSuite(SuiteRunnerWorker.java:52)
	at org.testng.SuiteRunnerWorker.run(SuiteRunnerWorker.java:86)
	at org.testng.TestNG.runSuitesSequentially(TestNG.java:1224)
	at org.testng.TestNG.runSuitesLocally(TestNG.java:1149)
	at org.testng.TestNG.run(TestNG.java:1057)
	at org.testng.remote.RemoteTestNG.run(RemoteTestNG.java:111)
	at org.testng.remote.RemoteTestNG.initAndRun(RemoteTestNG.java:204)
	at org.testng.remote.RemoteTestNG.main(RemoteTestNG.java:175)
]]>
            </full-stacktrace>
          </exception> <!-- java.lang.AssertionError -->
          <reporter-output>
          </reporter-output>
        </test-method> <!-- testDeleteDevice -->
        <test-method status="PASS" signature="takeScreenShotOnFailure(org.testng.ITestResult, java.lang.reflect.Method)[pri:0, instance:FirstPackage.NewTest@3834d63f]" name="takeScreenShotOnFailure" is-config="true" duration-ms="665" started-at="2015-04-16T20:56:18Z" finished-at="2015-04-16T20:56:19Z">
          <params>
            <param index="0">
              <value>
                <![CDATA[[TestResult name=testDeleteDevice status=FAILURE method=NewTest.testDeleteDevice()[pri:0, instance:FirstPackage.NewTest@3834d63f] output={null}]]]>
              </value>
            </param>
            <param index="1">
              <value>
                <![CDATA[public void FirstPackage.NewTest.testDeleteDevice() throws java.lang.Exception]]>
              </value>
            </param>
          </params>
          <reporter-output>
          </reporter-output>
        </test-method> <!-- takeScreenShotOnFailure -->
        <test-method status="PASS" signature="tearDown()[pri:0, instance:FirstPackage.NewTest@3834d63f]" name="tearDown" is-config="true" duration-ms="225" started-at="2015-04-16T20:56:19Z" finished-at="2015-04-16T20:56:19Z">
          <reporter-output>
          </reporter-output>
        </test-method> <!-- tearDown -->
        <test-method status="PASS" signature="setUp(java.lang.reflect.Method)[pri:0, instance:FirstPackage.NewTest@3834d63f]" name="setUp" is-config="true" duration-ms="6755" started-at="2015-04-16T20:56:19Z" finished-at="2015-04-16T20:56:26Z">
          <params>
            <param index="0">
              <value>
                <![CDATA[public void FirstPackage.NewTest.testLogout() throws java.lang.Exception]]>
              </value>
            </param>
          </params>
          <reporter-output>
          </reporter-output>
        </test-method> <!-- setUp -->
        <test-method status="PASS" signature="testLogout()[pri:0, instance:FirstPackage.NewTest@3834d63f]" name="testLogout" duration-ms="59893" started-at="2015-04-16T20:56:26Z" finished-at="2015-04-16T20:57:25Z">
          <reporter-output>
          </reporter-output>
        </test-method> <!-- testLogout -->
        <test-method status="PASS" signature="tearDown()[pri:0, instance:FirstPackage.NewTest@3834d63f]" name="tearDown" is-config="true" duration-ms="314" started-at="2015-04-16T20:57:25Z" finished-at="2015-04-16T20:57:26Z">
          <reporter-output>
          </reporter-output>
        </test-method> <!-- tearDown -->
        <test-method status="PASS" signature="takeScreenShotOnFailure(org.testng.ITestResult, java.lang.reflect.Method)[pri:0, instance:FirstPackage.NewTest@3834d63f]" name="takeScreenShotOnFailure" is-config="true" duration-ms="0" started-at="2015-04-16T20:57:25Z" finished-at="2015-04-16T20:57:25Z">
          <params>
            <param index="0">
              <value>
                <![CDATA[[TestResult name=testLogout status=SUCCESS method=NewTest.testLogout()[pri:0, instance:FirstPackage.NewTest@3834d63f] output={null}]]]>
              </value>
            </param>
            <param index="1">
              <value>
                <![CDATA[public void FirstPackage.NewTest.testLogout() throws java.lang.Exception]]>
              </value>
            </param>
          </params>
          <reporter-output>
          </reporter-output>
        </test-method> <!-- takeScreenShotOnFailure -->
      </class> <!-- FirstPackage.NewTest -->
    </test> <!-- Default test -->
  </suite> <!-- Default suite -->
</testng-results>
